---------------------------
Failed to write app endpoint /page

Caused by:
- [project]/OneDrive/Desktop/ROCm/node_modules/@xyflow/react/dist/style.css [app-client] (css)
- failed to receive message
- reading packet length
- An existing connection was forcibly closed by the remote host. (os error 10054)

Debug info:
- Execution of get_all_written_entrypoints_with_issues_operation failed
- Execution of EntrypointsOperation::new failed
- Execution of all_entrypoints_write_to_disk_operation failed
- Execution of output_assets_operation failed
- Execution of <AppEndpoint as Endpoint>::output failed
- Failed to write app endpoint /page
- Execution of AppEndpoint::output failed
- Execution of whole_app_module_graph_operation failed
- Execution of *Project::get_all_additional_entries failed
- Execution of ModuleGraph::from_single_graph_without_unused_references failed
- Execution of ModuleGraph::create failed
- Execution of SingleModuleGraph::new_with_entries failed
- [project]/OneDrive/Desktop/ROCm/node_modules/@xyflow/react/dist/style.css [app-client] (css)
- Execution of primary_chunkable_referenced_modules failed
- Execution of <CssModule as Module>::references failed
- Execution of parse_css failed
- Execution of <PostCssTransformedAsset as Asset>::content failed
- Execution of PostCssTransformedAsset::process failed
- Execution of evaluate_webpack_loader failed
- failed to receive message
- reading packet length
- An existing connection was forcibly closed by the remote host. (os error 10054)
